<?xml version="1.0" encoding="UTF-8"?>
<testsuite name="MaxTime" tests="1" skipped="0" failures="0" errors="0" timestamp="2023-05-24T14:21:52" hostname="DESKTOP-6D5E8QH" time="5.64">
  <properties/>
  <testcase name="Register day worked" classname="MaxTime" time="5.64"/>
  <system-out><![CDATA[]]></system-out>
  <system-err><![CDATA[Starting ChromeDriver 111.0.5563.64 (c710e93d5b63b7095afe8c2c17df34408078439d-refs/branch-heads/5563@{#995}) on port 41923
Only local connections are allowed.
Please see https://chromedriver.chromium.org/security-considerations for suggestions on keeping ChromeDriver safe.
ChromeDriver was started successfully.
]]></system-err>
</testsuite>
